<?xml version="1.0" encoding="UTF-8"?>
<!-- Generated by org.testng.reporters.JUnitXMLReporter -->
<testsuite hostname="DESKTOP-ULDVCTR" ignored="0" name="Default test" tests="13" failures="0" timestamp="16 Mar 2021 17:35:24 GMT" time="0.226" errors="0">
  <testcase name="tc0" time="0.035" classname="org.testng.test.Sample1"/>
  <testcase name="tc1" time="0.003" classname="org.testng.test.Sample1"/>
  <testcase name="tc1" time="0.007" classname="org.testng.test.Sample1"/>
  <testcase name="tc1" time="0.003" classname="org.testng.test.Sample1"/>
  <testcase name="tc1" time="0.004" classname="org.testng.test.Sample1"/>
  <testcase name="tc1" time="0.003" classname="org.testng.test.Sample1"/>
  <testcase name="tc1" time="0.011" classname="org.testng.test.Sample1"/>
  <testcase name="tc1" time="0.007" classname="org.testng.test.Sample1"/>
  <testcase name="tc1" time="0.002" classname="org.testng.test.Sample1"/>
  <testcase name="tc1" time="0.002" classname="org.testng.test.Sample1"/>
  <testcase name="tc1" time="0.002" classname="org.testng.test.Sample1"/>
  <testcase name="tc2" time="0.004" classname="org.testng.test.Sample1"/>
  <testcase name="tc3" time="0.004" classname="org.testng.test.Sample1"/>
</testsuite> <!-- Default test -->
