<?xml version="1.0" encoding="UTF-8"?>
<testng-results skipped="0" failed="0" ignored="0" total="13" passed="13">
  <reporter-output>
  </reporter-output>
  <suite name="Default suite" duration-ms="226" started-at="2021-03-16T17:35:24Z" finished-at="2021-03-16T17:35:24Z">
    <groups>
    </groups>
    <test name="Default test" duration-ms="226" started-at="2021-03-16T17:35:24Z" finished-at="2021-03-16T17:35:24Z">
      <class name="org.testng.test.Sample1">
        <test-method status="PASS" signature="tc0()[pri:0, instance:org.testng.test.Sample1@ae45eb6]" name="tc0" duration-ms="35" started-at="2021-03-16T17:35:24Z" finished-at="2021-03-16T17:35:24Z">
          <reporter-output>
          </reporter-output>
        </test-method> <!-- tc0 -->
        <test-method status="PASS" signature="tc1()[pri:0, instance:org.testng.test.Sample1@ae45eb6]" name="tc1" duration-ms="3" started-at="2021-03-16T17:35:24Z" finished-at="2021-03-16T17:35:24Z">
          <reporter-output>
          </reporter-output>
        </test-method> <!-- tc1 -->
        <test-method status="PASS" signature="tc1()[pri:0, instance:org.testng.test.Sample1@ae45eb6]" name="tc1" duration-ms="7" started-at="2021-03-16T17:35:24Z" finished-at="2021-03-16T17:35:24Z">
          <reporter-output>
          </reporter-output>
        </test-method> <!-- tc1 -->
        <test-method status="PASS" signature="tc1()[pri:0, instance:org.testng.test.Sample1@ae45eb6]" name="tc1" duration-ms="3" started-at="2021-03-16T17:35:24Z" finished-at="2021-03-16T17:35:24Z">
          <reporter-output>
          </reporter-output>
        </test-method> <!-- tc1 -->
        <test-method status="PASS" signature="tc1()[pri:0, instance:org.testng.test.Sample1@ae45eb6]" name="tc1" duration-ms="4" started-at="2021-03-16T17:35:24Z" finished-at="2021-03-16T17:35:24Z">
          <reporter-output>
          </reporter-output>
        </test-method> <!-- tc1 -->
        <test-method status="PASS" signature="tc1()[pri:0, instance:org.testng.test.Sample1@ae45eb6]" name="tc1" duration-ms="3" started-at="2021-03-16T17:35:24Z" finished-at="2021-03-16T17:35:24Z">
          <reporter-output>
          </reporter-output>
        </test-method> <!-- tc1 -->
        <test-method status="PASS" signature="tc1()[pri:0, instance:org.testng.test.Sample1@ae45eb6]" name="tc1" duration-ms="11" started-at="2021-03-16T17:35:24Z" finished-at="2021-03-16T17:35:24Z">
          <reporter-output>
          </reporter-output>
        </test-method> <!-- tc1 -->
        <test-method status="PASS" signature="tc1()[pri:0, instance:org.testng.test.Sample1@ae45eb6]" name="tc1" duration-ms="7" started-at="2021-03-16T17:35:24Z" finished-at="2021-03-16T17:35:24Z">
          <reporter-output>
          </reporter-output>
        </test-method> <!-- tc1 -->
        <test-method status="PASS" signature="tc1()[pri:0, instance:org.testng.test.Sample1@ae45eb6]" name="tc1" duration-ms="2" started-at="2021-03-16T17:35:24Z" finished-at="2021-03-16T17:35:24Z">
          <reporter-output>
          </reporter-output>
        </test-method> <!-- tc1 -->
        <test-method status="PASS" signature="tc1()[pri:0, instance:org.testng.test.Sample1@ae45eb6]" name="tc1" duration-ms="2" started-at="2021-03-16T17:35:24Z" finished-at="2021-03-16T17:35:24Z">
          <reporter-output>
          </reporter-output>
        </test-method> <!-- tc1 -->
        <test-method status="PASS" signature="tc1()[pri:0, instance:org.testng.test.Sample1@ae45eb6]" name="tc1" duration-ms="2" started-at="2021-03-16T17:35:24Z" finished-at="2021-03-16T17:35:24Z">
          <reporter-output>
          </reporter-output>
        </test-method> <!-- tc1 -->
        <test-method status="PASS" signature="tc2()[pri:0, instance:org.testng.test.Sample1@ae45eb6]" name="tc2" duration-ms="4" started-at="2021-03-16T17:35:24Z" finished-at="2021-03-16T17:35:24Z">
          <reporter-output>
          </reporter-output>
        </test-method> <!-- tc2 -->
        <test-method status="PASS" signature="tc3()[pri:0, instance:org.testng.test.Sample1@ae45eb6]" name="tc3" duration-ms="4" started-at="2021-03-16T17:35:24Z" finished-at="2021-03-16T17:35:24Z">
          <reporter-output>
          </reporter-output>
        </test-method> <!-- tc3 -->
      </class> <!-- org.testng.test.Sample1 -->
    </test> <!-- Default test -->
  </suite> <!-- Default suite -->
</testng-results>
